<?xml version="1.0" encoding="UTF-8"?>
<testng-results skipped="0" failed="0" ignored="0" total="5" passed="5">
  <reporter-output>
  </reporter-output>
  <suite name="Default suite" duration-ms="104027" started-at="2018-11-22T12:51:23Z" finished-at="2018-11-22T12:53:07Z">
    <groups>
    </groups>
    <test name="Default test" duration-ms="104027" started-at="2018-11-22T12:51:23Z" finished-at="2018-11-22T12:53:07Z">
      <class name="Absa.Assesment2.TaskTwo">
        <test-method status="PASS" signature="beforeClass()[pri:0, instance:Absa.Assesment2.TaskTwo@27d415d9]" name="beforeClass" is-config="true" duration-ms="27649" started-at="2018-11-22T12:51:23Z" finished-at="2018-11-22T12:51:51Z">
          <reporter-output>
          </reporter-output>
        </test-method> <!-- beforeClass -->
        <test-method status="PASS" signature="navigate()[pri:0, instance:Absa.Assesment2.TaskTwo@27d415d9]" name="navigate" duration-ms="59634" started-at="2018-11-22T12:51:51Z" finished-at="2018-11-22T12:52:50Z">
          <reporter-output>
          </reporter-output>
        </test-method> <!-- navigate -->
        <test-method status="PASS" signature="verifyTableList()[pri:1, instance:Absa.Assesment2.TaskTwo@27d415d9]" name="verifyTableList" duration-ms="328" started-at="2018-11-22T12:52:50Z" finished-at="2018-11-22T12:52:51Z">
          <reporter-output>
          </reporter-output>
        </test-method> <!-- verifyTableList -->
        <test-method status="PASS" signature="ClickAddUser()[pri:2, instance:Absa.Assesment2.TaskTwo@27d415d9]" name="ClickAddUser" duration-ms="586" started-at="2018-11-22T12:52:51Z" finished-at="2018-11-22T12:52:51Z">
          <reporter-output>
          </reporter-output>
        </test-method> <!-- ClickAddUser -->
        <test-method status="PASS" signature="verifyAddUser()[pri:3, instance:Absa.Assesment2.TaskTwo@27d415d9]" name="verifyAddUser" duration-ms="138" started-at="2018-11-22T12:52:51Z" finished-at="2018-11-22T12:52:52Z">
          <reporter-output>
          </reporter-output>
        </test-method> <!-- verifyAddUser -->
        <test-method status="PASS" signature="createUsers()[pri:4, instance:Absa.Assesment2.TaskTwo@27d415d9]" name="createUsers" duration-ms="15595" started-at="2018-11-22T12:52:52Z" finished-at="2018-11-22T12:53:07Z">
          <reporter-output>
          </reporter-output>
        </test-method> <!-- createUsers -->
      </class> <!-- Absa.Assesment2.TaskTwo -->
    </test> <!-- Default test -->
  </suite> <!-- Default suite -->
</testng-results>
