<?xml version="1.0" encoding="UTF-8"?>
<!-- Generated by org.testng.reporters.JUnitXMLReporter -->
<testsuite hostname="DESKTOP-615V1JK" ignored="0" name="Default test" tests="5" failures="0" timestamp="22 Nov 2018 12:53:07 GMT" time="104.027" errors="0">
  <testcase name="navigate" time="59.634" classname="Absa.Assesment2.TaskTwo"/>
  <testcase name="verifyTableList" time="0.328" classname="Absa.Assesment2.TaskTwo"/>
  <testcase name="ClickAddUser" time="0.586" classname="Absa.Assesment2.TaskTwo"/>
  <testcase name="verifyAddUser" time="0.138" classname="Absa.Assesment2.TaskTwo"/>
  <testcase name="createUsers" time="15.595" classname="Absa.Assesment2.TaskTwo"/>
</testsuite> <!-- Default test -->
